Release 14.5 - xst P.58f (nt64)
Copyright (c) 1995-2012 Xilinx, Inc.  All rights reserved.
--> Parameter TMPDIR set to xst/projnav.tmp


Total REAL time to Xst completion: 0.00 secs
Total CPU time to Xst completion: 0.27 secs
 
--> Parameter xsthdpdir set to xst


Total REAL time to Xst completion: 0.00 secs
Total CPU time to Xst completion: 0.28 secs
 
--> Reading design: top.prj

TABLE OF CONTENTS
  1) Synthesis Options Summary
  2) HDL Compilation
  3) Design Hierarchy Analysis
  4) HDL Analysis
  5) HDL Synthesis
     5.1) HDL Synthesis Report
  6) Advanced HDL Synthesis
     6.1) Advanced HDL Synthesis Report
  7) Low Level Synthesis
  8) Partition Report
  9) Final Report
	9.1) Device utilization summary
	9.2) Partition Resource Summary
	9.3) TIMING REPORT


=========================================================================
*                      Synthesis Options Summary                        *
=========================================================================
---- Source Parameters
Input File Name                    : "top.prj"
Input Format                       : mixed
Ignore Synthesis Constraint File   : NO

---- Target Parameters
Output File Name                   : "top"
Output Format                      : NGC
Target Device                      : xc3s100e-4-cp132

---- Source Options
Top Module Name                    : top
Automatic FSM Extraction           : YES
FSM Encoding Algorithm             : Auto
Safe Implementation                : No
FSM Style                          : LUT
RAM Extraction                     : Yes
RAM Style                          : Auto
ROM Extraction                     : Yes
Mux Style                          : Auto
Decoder Extraction                 : YES
Priority Encoder Extraction        : Yes
Shift Register Extraction          : YES
Logical Shifter Extraction         : YES
XOR Collapsing                     : YES
ROM Style                          : Auto
Mux Extraction                     : Yes
Resource Sharing                   : YES
Asynchronous To Synchronous        : NO
Multiplier Style                   : Auto
Automatic Register Balancing       : No

---- Target Options
Add IO Buffers                     : YES
Global Maximum Fanout              : 100000
Add Generic Clock Buffer(BUFG)     : 24
Register Duplication               : YES
Slice Packing                      : YES
Optimize Instantiated Primitives   : NO
Use Clock Enable                   : Yes
Use Synchronous Set                : Yes
Use Synchronous Reset              : Yes
Pack IO Registers into IOBs        : Auto
Equivalent register Removal        : YES

---- General Options
Optimization Goal                  : Speed
Optimization Effort                : 1
Keep Hierarchy                     : No
Netlist Hierarchy                  : As_Optimized
RTL Output                         : Yes
Global Optimization                : AllClockNets
Read Cores                         : YES
Write Timing Constraints           : NO
Cross Clock Analysis               : NO
Hierarchy Separator                : /
Bus Delimiter                      : <>
Case Specifier                     : Maintain
Slice Utilization Ratio            : 100
BRAM Utilization Ratio             : 100
Verilog 2001                       : YES
Auto BRAM Packing                  : NO
Slice Utilization Ratio Delta      : 5

=========================================================================


=========================================================================
*                          HDL Compilation                              *
=========================================================================
Compiling verilog file "top.v" in library work
Module <top> compiled
No errors in compilation
Analysis of file <"top.prj"> succeeded.
 

=========================================================================
*                     Design Hierarchy Analysis                         *
=========================================================================
Analyzing hierarchy for module <top> in library <work> with parameters.
	max = 4000


=========================================================================
*                            HDL Analysis                               *
=========================================================================
Analyzing top module <top>.
	max = 4000
Module <top> is correct for synthesis.
 

=========================================================================
*                           HDL Synthesis                               *
=========================================================================

Performing bidirectional port resolution...

Synthesizing Unit <top>.
    Related source file is "top.v".
WARNING:Xst:646 - Signal <four_digit_input> is assigned but never used. This unconnected signal will be trimmed during the optimization process.
    Found finite state machine <FSM_0> for signal <enable_anode>.
    -----------------------------------------------------------------------
    | States             | 4                                              |
    | Transitions        | 4                                              |
    | Inputs             | 0                                              |
    | Outputs            | 8                                              |
    | Clock              | clk_out                   (rising_edge)        |
    | Power Up State     | 00                                             |
    | Encoding           | automatic                                      |
    | Implementation     | LUT                                            |
    -----------------------------------------------------------------------
    Found 4-bit register for signal <anode>.
    Found 7-bit register for signal <led>.
    Found 15-bit up counter for signal <counter>.
    Found 1-bit register for signal <slowclk_reg>.
    Summary:
	inferred   1 Finite State Machine(s).
	inferred   1 Counter(s).
	inferred  12 D-type flip-flop(s).
Unit <top> synthesized.


=========================================================================
HDL Synthesis Report

Macro Statistics
# Counters                                             : 1
 15-bit up counter                                     : 1
# Registers                                            : 3
 1-bit register                                        : 1
 4-bit register                                        : 1
 7-bit register                                        : 1

=========================================================================

=========================================================================
*                       Advanced HDL Synthesis                          *
=========================================================================

Analyzing FSM <FSM_0> for best encoding.
Optimizing FSM <enable_anode/FSM> on signal <enable_anode[1:4]> with one-hot encoding.
-------------------
 State | Encoding
-------------------
 00    | 0001
 01    | 0010
 10    | 0100
 11    | 1000
-------------------
WARNING:Xst:1710 - FF/Latch <led_2> (without init value) has a constant value of 0 in block <top>. This FF/Latch will be trimmed during the optimization process.
WARNING:Xst:1710 - FF/Latch <led_4> (without init value) has a constant value of 1 in block <top>. This FF/Latch will be trimmed during the optimization process.

=========================================================================
Advanced HDL Synthesis Report

Macro Statistics
# FSMs                                                 : 1
# Counters                                             : 1
 15-bit up counter                                     : 1
# Registers                                            : 12
 Flip-Flops                                            : 12

=========================================================================

=========================================================================
*                         Low Level Synthesis                           *
=========================================================================
INFO:Xst:2261 - The FF/Latch <led_0> in Unit <top> is equivalent to the following 3 FFs/Latches, which will be removed : <led_3> <led_5> <led_6> 
WARNING:Xst:1710 - FF/Latch <led_2> (without init value) has a constant value of 0 in block <top>. This FF/Latch will be trimmed during the optimization process.
WARNING:Xst:1710 - FF/Latch <led_4> (without init value) has a constant value of 1 in block <top>. This FF/Latch will be trimmed during the optimization process.
INFO:Xst:2261 - The FF/Latch <enable_anode_FSM_FFd3> in Unit <top> is equivalent to the following FF/Latch, which will be removed : <led_0> 

Optimizing unit <top> ...

Mapping all equations...
Building and optimizing final netlist ...
Found area constraint ratio of 100 (+ 5) on block top, actual ratio is 1.

Final Macro Processing ...

=========================================================================
Final Register Report

Macro Statistics
# Registers                                            : 25
 Flip-Flops                                            : 25

=========================================================================

=========================================================================
*                           Partition Report                            *
=========================================================================

Partition Implementation Status
-------------------------------

  No Partitions were found in this design.

-------------------------------

=========================================================================
*                            Final Report                               *
=========================================================================
Final Results
RTL Top Level Output File Name     : top.ngr
Top Level Output File Name         : top
Output Format                      : NGC
Optimization Goal                  : Speed
Keep Hierarchy                     : No

Design Statistics
# IOs                              : 13

Cell Usage :
# BELS                             : 52
#      GND                         : 1
#      INV                         : 2
#      LUT1                        : 14
#      LUT3                        : 1
#      LUT4                        : 3
#      LUT4_L                      : 1
#      MUXCY                       : 14
#      VCC                         : 1
#      XORCY                       : 15
# FlipFlops/Latches                : 25
#      FD                          : 4
#      FDE                         : 1
#      FDR                         : 19
#      FDS                         : 1
# Clock Buffers                    : 1
#      BUFGP                       : 1
# IO Buffers                       : 12
#      OBUF                        : 12
=========================================================================

Device utilization summary:
---------------------------

Selected Device : 3s100ecp132-4 

 Number of Slices:                       16  out of    960     1%  
 Number of Slice Flip Flops:             25  out of   1920     1%  
 Number of 4 input LUTs:                 21  out of   1920     1%  
 Number of IOs:                          13
 Number of bonded IOBs:                  13  out of     83    15%  
 Number of GCLKs:                         1  out of     24     4%  

---------------------------
Partition Resource Summary:
---------------------------

  No Partitions were found in this design.

---------------------------


=========================================================================
TIMING REPORT

NOTE: THESE TIMING NUMBERS ARE ONLY A SYNTHESIS ESTIMATE.
      FOR ACCURATE TIMING INFORMATION PLEASE REFER TO THE TRACE REPORT
      GENERATED AFTER PLACE-and-ROUTE.

Clock Information:
------------------
-----------------------------------+----------------------------+-------+
Clock Signal                       | Clock buffer(FF name)      | Load  |
-----------------------------------+----------------------------+-------+
clk                                | BUFGP                      | 16    |
slowclk_reg                        | NONE(enable_anode_FSM_FFd4)| 9     |
-----------------------------------+----------------------------+-------+
INFO:Xst:2169 - HDL ADVISOR - Some clock signals were not automatically buffered by XST with BUFG/BUFR resources. Please use the buffer_type constraint in order to insert these buffers to the clock signals to help prevent skew problems.

Asynchronous Control Signals Information:
----------------------------------------
No asynchronous control signals found in this design

Timing Summary:
---------------
Speed Grade: -4

   Minimum period: 5.065ns (Maximum Frequency: 197.433MHz)
   Minimum input arrival time before clock: No path found
   Maximum output required time after clock: 4.796ns
   Maximum combinational path delay: No path found

Timing Detail:
--------------
All values displayed in nanoseconds (ns)

=========================================================================
Timing constraint: Default period analysis for Clock 'clk'
  Clock period: 5.065ns (frequency: 197.433MHz)
  Total number of paths / destination ports: 361 / 32
-------------------------------------------------------------------------
Delay:               5.065ns (Levels of Logic = 2)
  Source:            counter_8 (FF)
  Destination:       counter_0 (FF)
  Source Clock:      clk rising
  Destination Clock: clk rising

  Data Path: counter_8 to counter_0
                                Gate     Net
    Cell:in->out      fanout   Delay   Delay  Logical Name (Net Name)
    ----------------------------------------  ------------
     FDR:C->Q              2   0.591   0.622  counter_8 (counter_8)
     LUT3:I0->O            1   0.704   0.499  counter_cmp_eq000012 (counter_cmp_eq000012)
     LUT4:I1->O           16   0.704   1.034  counter_cmp_eq000059 (counter_cmp_eq0000)
     FDR:R                     0.911          counter_0
    ----------------------------------------
    Total                      5.065ns (2.910ns logic, 2.155ns route)
                                       (57.5% logic, 42.5% route)

=========================================================================
Timing constraint: Default period analysis for Clock 'slowclk_reg'
  Clock period: 2.210ns (frequency: 452.489MHz)
  Total number of paths / destination ports: 10 / 10
-------------------------------------------------------------------------
Delay:               2.210ns (Levels of Logic = 0)
  Source:            enable_anode_FSM_FFd3 (FF)
  Destination:       anode_1 (FF)
  Source Clock:      slowclk_reg rising
  Destination Clock: slowclk_reg rising

  Data Path: enable_anode_FSM_FFd3 to anode_1
                                Gate     Net
    Cell:in->out      fanout   Delay   Delay  Logical Name (Net Name)
    ----------------------------------------  ------------
     FD:C->Q               7   0.591   0.708  enable_anode_FSM_FFd3 (enable_anode_FSM_FFd3)
     FDR:R                     0.911          anode_1
    ----------------------------------------
    Total                      2.210ns (1.502ns logic, 0.708ns route)
                                       (68.0% logic, 32.0% route)

=========================================================================
Timing constraint: Default OFFSET OUT AFTER for Clock 'clk'
  Total number of paths / destination ports: 1 / 1
-------------------------------------------------------------------------
Offset:              4.796ns (Levels of Logic = 1)
  Source:            slowclk_reg (FF)
  Destination:       clk_out (PAD)
  Source Clock:      clk rising

  Data Path: slowclk_reg to clk_out
                                Gate     Net
    Cell:in->out      fanout   Delay   Delay  Logical Name (Net Name)
    ----------------------------------------  ------------
     FDE:C->Q             11   0.591   0.933  slowclk_reg (slowclk_reg)
     OBUF:I->O                 3.272          clk_out_OBUF (clk_out)
    ----------------------------------------
    Total                      4.796ns (3.863ns logic, 0.933ns route)
                                       (80.5% logic, 19.5% route)

=========================================================================
Timing constraint: Default OFFSET OUT AFTER for Clock 'slowclk_reg'
  Total number of paths / destination ports: 9 / 9
-------------------------------------------------------------------------
Offset:              4.571ns (Levels of Logic = 1)
  Source:            enable_anode_FSM_FFd3 (FF)
  Destination:       led<6> (PAD)
  Source Clock:      slowclk_reg rising

  Data Path: enable_anode_FSM_FFd3 to led<6>
                                Gate     Net
    Cell:in->out      fanout   Delay   Delay  Logical Name (Net Name)
    ----------------------------------------  ------------
     FD:C->Q               7   0.591   0.708  enable_anode_FSM_FFd3 (enable_anode_FSM_FFd3)
     OBUF:I->O                 3.272          led_6_OBUF (led<6>)
    ----------------------------------------
    Total                      4.571ns (3.863ns logic, 0.708ns route)
                                       (84.5% logic, 15.5% route)

=========================================================================


Total REAL time to Xst completion: 6.00 secs
Total CPU time to Xst completion: 6.55 secs
 
--> 

Total memory usage is 4455876 kilobytes

Number of errors   :    0 (   0 filtered)
Number of warnings :    5 (   0 filtered)
Number of infos    :    3 (   0 filtered)

